Date:2023-09-01 04:41:40
METHOD:POST
FUNCTION:Duitku\Pop->createInvoice
URL:https://api-sandbox.duitku.com/api/merchant/createInvoice
REQUEST:{"paymentAmount":10000,"merchantOrderId":"1693536100","productDetails":"Test Payment","additionalParam":"","merchantUserInfo":"","customerVaName":"John Doe","email":"customer@gmail.com","phoneNumber":"081234567890","itemDetails":[{"name":"Test Payment","price":10000,"quantity":1}],"customerDetail":{"firstName":"John","lastName":"Doe","email":"customer@gmail.com","phoneNumber":"081234567890","billingAddress":{"firstName":"John","lastName":"Doe","address":"Jl. Kembangan Raya","city":"Jakarta","postalCode":"11530","phone":"081234567890","countryCode":"ID"},"shippingAddress":{"firstName":"John","lastName":"Doe","address":"Jl. Kembangan Raya","city":"Jakarta","postalCode":"11530","phone":"081234567890","countryCode":"ID"}},"callbackUrl":"http://YOUR_SERVER/callback","returnUrl":"http://YOUR_SERVER/return","expiryPeriod":60}
RESPONSE:

Date:2023-09-01 04:41:43
METHOD:POST
FUNCTION:Duitku\Pop->createInvoice
URL:https://api-sandbox.duitku.com/api/merchant/createInvoice
REQUEST:{"paymentAmount":10000,"merchantOrderId":"1693536103","productDetails":"Test Payment","additionalParam":"","merchantUserInfo":"","customerVaName":"John Doe","email":"customer@gmail.com","phoneNumber":"081234567890","itemDetails":[{"name":"Test Payment","price":10000,"quantity":1}],"customerDetail":{"firstName":"John","lastName":"Doe","email":"customer@gmail.com","phoneNumber":"081234567890","billingAddress":{"firstName":"John","lastName":"Doe","address":"Jl. Kembangan Raya","city":"Jakarta","postalCode":"11530","phone":"081234567890","countryCode":"ID"},"shippingAddress":{"firstName":"John","lastName":"Doe","address":"Jl. Kembangan Raya","city":"Jakarta","postalCode":"11530","phone":"081234567890","countryCode":"ID"}},"callbackUrl":"http://YOUR_SERVER/callback","returnUrl":"http://YOUR_SERVER/return","expiryPeriod":60}
RESPONSE:

Date:2023-09-01 04:41:46
METHOD:POST
FUNCTION:Duitku\Pop->createInvoice
URL:https://api-sandbox.duitku.com/api/merchant/createInvoice
REQUEST:{"paymentAmount":10000,"merchantOrderId":"1693536106","productDetails":"Test Payment","additionalParam":"","merchantUserInfo":"","customerVaName":"John Doe","email":"customer@gmail.com","phoneNumber":"081234567890","itemDetails":[{"name":"Test Payment","price":10000,"quantity":1}],"customerDetail":{"firstName":"John","lastName":"Doe","email":"customer@gmail.com","phoneNumber":"081234567890","billingAddress":{"firstName":"John","lastName":"Doe","address":"Jl. Kembangan Raya","city":"Jakarta","postalCode":"11530","phone":"081234567890","countryCode":"ID"},"shippingAddress":{"firstName":"John","lastName":"Doe","address":"Jl. Kembangan Raya","city":"Jakarta","postalCode":"11530","phone":"081234567890","countryCode":"ID"}},"callbackUrl":"http://YOUR_SERVER/callback","returnUrl":"http://YOUR_SERVER/return","expiryPeriod":60}
RESPONSE:

Date:2023-09-01 04:41:50
METHOD:POST
FUNCTION:Duitku\Pop->createInvoice
URL:https://api-sandbox.duitku.com/api/merchant/createInvoice
REQUEST:{"paymentAmount":10000,"merchantOrderId":"1693536110","productDetails":"Test Payment","additionalParam":"","merchantUserInfo":"","customerVaName":"John Doe","email":"customer@gmail.com","phoneNumber":"081234567890","itemDetails":[{"name":"Test Payment","price":10000,"quantity":1}],"customerDetail":{"firstName":"John","lastName":"Doe","email":"customer@gmail.com","phoneNumber":"081234567890","billingAddress":{"firstName":"John","lastName":"Doe","address":"Jl. Kembangan Raya","city":"Jakarta","postalCode":"11530","phone":"081234567890","countryCode":"ID"},"shippingAddress":{"firstName":"John","lastName":"Doe","address":"Jl. Kembangan Raya","city":"Jakarta","postalCode":"11530","phone":"081234567890","countryCode":"ID"}},"callbackUrl":"http://YOUR_SERVER/callback","returnUrl":"http://YOUR_SERVER/return","expiryPeriod":60}
RESPONSE:

Date:2023-09-01 04:41:50
METHOD:POST
FUNCTION:Duitku\Pop->createInvoice
URL:https://api-sandbox.duitku.com/api/merchant/createInvoice
REQUEST:{"paymentAmount":10000,"merchantOrderId":"1693536110","productDetails":"Test Payment","additionalParam":"","merchantUserInfo":"","customerVaName":"John Doe","email":"customer@gmail.com","phoneNumber":"081234567890","itemDetails":[{"name":"Test Payment","price":10000,"quantity":1}],"customerDetail":{"firstName":"John","lastName":"Doe","email":"customer@gmail.com","phoneNumber":"081234567890","billingAddress":{"firstName":"John","lastName":"Doe","address":"Jl. Kembangan Raya","city":"Jakarta","postalCode":"11530","phone":"081234567890","countryCode":"ID"},"shippingAddress":{"firstName":"John","lastName":"Doe","address":"Jl. Kembangan Raya","city":"Jakarta","postalCode":"11530","phone":"081234567890","countryCode":"ID"}},"callbackUrl":"http://YOUR_SERVER/callback","returnUrl":"http://YOUR_SERVER/return","expiryPeriod":60}
RESPONSE:

Date:2023-09-01 04:41:50
METHOD:POST
FUNCTION:Duitku\Pop->createInvoice
URL:https://api-sandbox.duitku.com/api/merchant/createInvoice
REQUEST:{"paymentAmount":10000,"merchantOrderId":"1693536110","productDetails":"Test Payment","additionalParam":"","merchantUserInfo":"","customerVaName":"John Doe","email":"customer@gmail.com","phoneNumber":"081234567890","itemDetails":[{"name":"Test Payment","price":10000,"quantity":1}],"customerDetail":{"firstName":"John","lastName":"Doe","email":"customer@gmail.com","phoneNumber":"081234567890","billingAddress":{"firstName":"John","lastName":"Doe","address":"Jl. Kembangan Raya","city":"Jakarta","postalCode":"11530","phone":"081234567890","countryCode":"ID"},"shippingAddress":{"firstName":"John","lastName":"Doe","address":"Jl. Kembangan Raya","city":"Jakarta","postalCode":"11530","phone":"081234567890","countryCode":"ID"}},"callbackUrl":"http://YOUR_SERVER/callback","returnUrl":"http://YOUR_SERVER/return","expiryPeriod":60}
RESPONSE:

Date:2023-09-01 04:42:36
METHOD:POST
FUNCTION:Duitku\Pop->createInvoice
URL:https://api-sandbox.duitku.com/api/merchant/createInvoice
REQUEST:{"paymentAmount":10000,"merchantOrderId":"1693536156","productDetails":"Test Payment","additionalParam":"","merchantUserInfo":"","customerVaName":"John Doe","email":"customer@gmail.com","phoneNumber":"081234567890","itemDetails":[{"name":"Test Payment","price":10000,"quantity":1}],"customerDetail":{"firstName":"John","lastName":"Doe","email":"customer@gmail.com","phoneNumber":"081234567890","billingAddress":{"firstName":"John","lastName":"Doe","address":"Jl. Kembangan Raya","city":"Jakarta","postalCode":"11530","phone":"081234567890","countryCode":"ID"},"shippingAddress":{"firstName":"John","lastName":"Doe","address":"Jl. Kembangan Raya","city":"Jakarta","postalCode":"11530","phone":"081234567890","countryCode":"ID"}},"callbackUrl":"http://YOUR_SERVER/callback","returnUrl":"http://YOUR_SERVER/return","expiryPeriod":60}
RESPONSE:{"merchantCode":"D0001","reference":"D000123NKDW7JHAVPPZIOW","paymentUrl":"https://app-sandbox.duitku.com/redirect_checkout?reference=D000123NKDW7JHAVPPZIOW","statusCode":"00","statusMessage":"SUCCESS"}

